[2024-10-12T00:43:10.821316500] Iniciando sincronización de registros...
[2024-10-12T00:43:10.825316400] Procesando registro con DPI: 123 proveniente de MySQL con segundos: 1728713343
[2024-10-12T00:43:11.563969200] Actualizando en PostgreSQL los siguientes datos: tercerproyecto.Empleado@175a375a
[2024-10-12T00:43:15.084059100] Procesando registro con DPI: 987 proveniente de PostgreSQL con segundos: 1728713380
[2024-10-12T00:43:15.216060100] Actualizando en MySQL los siguientes datos: tercerproyecto.Empleado@54c35fc8
[2024-10-12T00:43:18.878795700] Sincronización completada.
[2024-10-12T00:50:11.699888100] Iniciando sincronización de registros...
[2024-10-12T00:50:11.703886700] Procesando registro con DPI: 123 proveniente de MySQL con segundos: 1728713343
[2024-10-12T00:50:12.505009200] Actualizando en PostgreSQL los siguientes datos: tercerproyecto.Empleado@1c35107
[2024-10-12T00:50:46.010794900] Procesando registro con DPI: 987 proveniente de PostgreSQL con segundos: 1728713380
[2024-10-12T00:50:46.139807400] Actualizando en MySQL los siguientes datos: tercerproyecto.Empleado@373d763b
[2024-10-12T00:50:49.907848100] Sincronización completada.
[2024-10-12T00:55:52.914162400] Iniciando sincronización de registros...
[2024-10-12T00:55:52.917778600] Procesando DPI: 123 - Operación: INSERT - Base Origen: MySQL
[2024-10-12T00:55:53.350955100] El empleado con DPI 123 ya existe en PostgreSQL. No se realizó la inserción.
[2024-10-12T00:55:53.352951600] Sincronización del DPI 123 completada.
[2024-10-12T00:55:53.354004500] Procesando DPI: 987 - Operación: INSERT - Base Origen: PostgreSQL
[2024-10-12T00:55:54.123296900] El empleado con DPI 987 ya existe en MySQL. No se realizó la inserción.
[2024-10-12T00:55:54.126304400] Sincronización del DPI 987 completada.
[2024-10-12T00:55:54.129850300] Sincronización finalizada.
[2024-10-12T00:56:19.536850800] Iniciando sincronización de registros...
[2024-10-12T00:56:19.537858500] Procesando DPI: 123 - Operación: INSERT - Base Origen: MySQL
[2024-10-12T00:56:19.593368400] El empleado con DPI 123 ya existe en PostgreSQL. No se realizó la inserción.
[2024-10-12T00:56:19.594372200] Sincronización del DPI 123 completada.
[2024-10-12T00:56:19.596372300] Procesando DPI: 987 - Operación: INSERT - Base Origen: PostgreSQL
[2024-10-12T00:56:19.626463] El empleado con DPI 987 ya existe en MySQL. No se realizó la inserción.
[2024-10-12T00:56:19.626463] Sincronización del DPI 987 completada.
[2024-10-12T00:56:19.628986500] Sincronización finalizada.
[2024-10-12T00:58:26.793132200] Iniciando sincronización de registros...
[2024-10-12T00:58:26.794130] Cantidad de registros a procesar: 2
[2024-10-12T00:58:26.798672900] Procesando registro...
[2024-10-12T00:58:26.803689500] Base Origen: MySQL, Operación: INSERT, DPI: 123
[2024-10-12T00:58:26.804728800] Query: com.mysql.cj.jdbc.ClientPreparedStatement: INSERT INTO datos (dpi_empleado, primer_nombre, segundo_nombre, tercer_nombre, primer_apellido, segundo_apellido, direccion_domicilio, telefono_domicilio, telefono_movil, sueldo_empleado, bonificacion) values ('123','ED','AN','','GI','LEO','5TA','41','32',10000.0,6000.0)
[2024-10-12T00:58:26.804728800] Base origen es MySQL. Ejecutando en PostgreSQL...
[2024-10-12T00:58:27.150910200] El empleado con DPI 123 ya existe en PostgreSQL. No se realizó la inserción.
[2024-10-12T00:58:27.151909900] Sincronización del DPI 123 completada.
[2024-10-12T00:58:27.152912600] Procesando registro...
[2024-10-12T00:58:27.152912600] Base Origen: PostgreSQL, Operación: INSERT, DPI: 987
[2024-10-12T00:58:27.153913200] Query: INSERT INTO public.empleado (dpi_empleado, primer_nombre, segundo_nombre, tercer_nombre, primer_apellido, segundo_apellido, direccion_domicilio, telefono_domicilio, telefono_movil, sueldo_empleado, bonificacion) values (('987'),('CRIS'),('ALE'),(''),('MEL'),('ORDO'),('6TA'),('64'),('45'),('1000.0'::double precision),('2000.0'::double precision))
[2024-10-12T00:58:27.155920500] Base origen es PostgreSQL. Ejecutando en MySQL...
[2024-10-12T00:58:27.676301200] El empleado con DPI 987 ya existe en MySQL. No se realizó la inserción.
[2024-10-12T00:58:27.676301200] Sincronización del DPI 987 completada.
[2024-10-12T00:58:27.677810200] Sincronización finalizada.
[2024-10-12T01:09:21.183042700] Iniciando sincronización de registros...
[2024-10-12T01:09:21.183042700] Procesando registro...
[2024-10-12T01:09:21.183042700] Base Origen: MySQL, Operación: INSERT, DPI: 123
[2024-10-12T01:09:21.952807300] El empleado con DPI 123 ya existe en PostgreSQL. No se realizó la inserción.
[2024-10-12T01:09:21.952807300] Procesando registro...
[2024-10-12T01:09:21.956739300] Base Origen: PostgreSQL, Operación: INSERT, DPI: 987
[2024-10-12T01:09:22.040003400] El empleado con DPI 987 ya existe en MySQL. No se realizó la inserción.
[2024-10-12T01:09:22.041845] Sincronización finalizada.
[2024-10-12T01:14:01.181254700] Iniciando sincronización de registros...
[2024-10-12T01:14:01.184214100] Procesando registro...
[2024-10-12T01:14:01.185216300] Base Origen: MySQL, Operación: INSERT, DPI: 123
[2024-10-12T01:14:01.980640400] El empleado con DPI 123 ya existe en PostgreSQL. No se realizó la inserción.
[2024-10-12T01:14:01.981642] Procesando registro...
[2024-10-12T01:14:01.982647] Base Origen: PostgreSQL, Operación: INSERT, DPI: 987
[2024-10-12T01:14:02.064892200] El empleado con DPI 987 ya existe en MySQL. No se realizó la inserción.
[2024-10-12T01:14:02.067436] Sincronización finalizada.
[2024-10-12T01:27:58.067626400] Iniciando sincronización de registros...
[2024-10-12T01:27:58.067626400] Procesando registro...
[2024-10-12T01:27:58.067626400] Base Origen: MySQL, Operación: INSERT, DPI: 123
[2024-10-12T01:27:58.843439400] El empleado con DPI 123 no existe en PostgreSQL. Insertando...
[2024-10-12T01:27:58.923939600] Sincronización del DPI 123 completada. Se insertó en PostgreSQL.
[2024-10-12T01:27:58.925538300] Procesando registro...
[2024-10-12T01:27:58.927537400] Base Origen: PostgreSQL, Operación: INSERT, DPI: 987
[2024-10-12T01:27:59.030904600] El empleado con DPI 987 no existe en MySQL. Insertando...
[2024-10-12T01:27:59.147676400] Sincronización del DPI 987 completada. Se insertó en MySQL.
[2024-10-12T01:27:59.147676400] Sincronización finalizada.
[2024-10-12T01:29:53.544110900] Iniciando sincronización de registros...
[2024-10-12T01:29:53.545112] Procesando registro...
[2024-10-12T01:29:53.546112500] Base Origen: MySQL, Operación: INSERT, DPI: 123
[2024-10-12T01:29:53.626133700] El empleado con DPI 123 ya existe en PostgreSQL. No se realizó la inserción.
[2024-10-12T01:29:53.626191100] Procesando registro...
[2024-10-12T01:29:53.627800800] Base Origen: PostgreSQL, Operación: INSERT, DPI: 987
[2024-10-12T01:29:53.699898100] El empleado con DPI 987 ya existe en MySQL. No se realizó la inserción.
[2024-10-12T01:29:53.704913400] Procesando registro...
[2024-10-12T01:29:53.707488200] Base Origen: PostgreSQL, Operación: INSERT, DPI: 123
[2024-10-12T01:29:53.781405300] El empleado con DPI 123 ya existe en MySQL. No se realizó la inserción.
[2024-10-12T01:29:53.782607200] Procesando registro...
[2024-10-12T01:29:53.783066300] Base Origen: MySQL, Operación: INSERT, DPI: 987
[2024-10-12T01:29:53.949671600] El empleado con DPI 987 ya existe en PostgreSQL. No se realizó la inserción.
[2024-10-12T01:29:53.950680300] Procesando registro...
[2024-10-12T01:29:53.952683600] Base Origen: MySQL, Operación: INSERT, DPI: 456123
[2024-10-12T01:29:54.137586400] El empleado con DPI 456123 ya existe en PostgreSQL. No se realizó la inserción.
[2024-10-12T01:29:54.140792400] Sincronización finalizada.
[2024-10-12T01:30:01.272957500] Iniciando sincronización de registros...
[2024-10-12T01:30:01.273955400] Procesando registro...
[2024-10-12T01:30:01.275951300] Base Origen: MySQL, Operación: INSERT, DPI: 123
[2024-10-12T01:30:01.342378200] El empleado con DPI 123 ya existe en PostgreSQL. No se realizó la inserción.
[2024-10-12T01:30:01.343527900] Procesando registro...
[2024-10-12T01:30:01.343527900] Base Origen: PostgreSQL, Operación: INSERT, DPI: 987
[2024-10-12T01:30:01.517644300] El empleado con DPI 987 ya existe en MySQL. No se realizó la inserción.
[2024-10-12T01:30:01.518765400] Procesando registro...
[2024-10-12T01:30:01.521991500] Base Origen: PostgreSQL, Operación: INSERT, DPI: 123
[2024-10-12T01:30:01.582945200] El empleado con DPI 123 ya existe en MySQL. No se realizó la inserción.
[2024-10-12T01:30:01.584583400] Procesando registro...
[2024-10-12T01:30:01.587582800] Base Origen: MySQL, Operación: INSERT, DPI: 987
[2024-10-12T01:30:01.647806100] El empleado con DPI 987 ya existe en PostgreSQL. No se realizó la inserción.
[2024-10-12T01:30:01.648416800] Procesando registro...
[2024-10-12T01:30:01.650472200] Base Origen: MySQL, Operación: INSERT, DPI: 456123
[2024-10-12T01:30:01.831413700] El empleado con DPI 456123 no existe en PostgreSQL. Insertando...
[2024-10-12T01:30:01.899555200] Sincronización del DPI 456123 completada. Se insertó en PostgreSQL.
[2024-10-12T01:30:01.901291600] Sincronización finalizada.
[2024-10-12T01:31:38.109058900] Iniciando sincronización de registros...
[2024-10-12T01:31:38.115083300] Procesando registro...
[2024-10-12T01:31:38.116077700] Base Origen: MySQL, Operación: INSERT, DPI: 123
[2024-10-12T01:31:38.187353800] El empleado con DPI 123 no existe en PostgreSQL. Insertando...
[2024-10-12T01:31:38.246568600] Sincronización del DPI 123 completada. Se insertó en PostgreSQL.
[2024-10-12T01:31:38.247569400] Procesando registro...
[2024-10-12T01:31:38.249087900] Base Origen: PostgreSQL, Operación: INSERT, DPI: 987
[2024-10-12T01:31:38.303281700] El empleado con DPI 987 ya existe en MySQL. No se realizó la inserción.
[2024-10-12T01:31:38.304378200] Procesando registro...
[2024-10-12T01:31:38.305390900] Base Origen: PostgreSQL, Operación: INSERT, DPI: 123
[2024-10-12T01:31:38.359507] El empleado con DPI 123 ya existe en MySQL. No se realizó la inserción.
[2024-10-12T01:31:38.360508600] Procesando registro...
[2024-10-12T01:31:38.361511500] Base Origen: MySQL, Operación: INSERT, DPI: 987
[2024-10-12T01:31:38.536228500] El empleado con DPI 987 no existe en PostgreSQL. Insertando...
[2024-10-12T01:31:38.720078800] Sincronización del DPI 987 completada. Se insertó en PostgreSQL.
[2024-10-12T01:31:38.727785400] Procesando registro...
[2024-10-12T01:31:38.733084300] Base Origen: MySQL, Operación: INSERT, DPI: 456123
[2024-10-12T01:31:38.793909700] El empleado con DPI 456123 no existe en PostgreSQL. Insertando...
[2024-10-12T01:31:38.852918100] Sincronización del DPI 456123 completada. Se insertó en PostgreSQL.
[2024-10-12T01:31:38.854857900] Procesando registro...
[2024-10-12T01:31:38.855864500] Base Origen: PostgreSQL, Operación: INSERT, DPI: 456123
[2024-10-12T01:31:38.919427500] El empleado con DPI 456123 ya existe en MySQL. No se realizó la inserción.
[2024-10-12T01:31:38.922258] Procesando registro...
[2024-10-12T01:31:38.924255800] Base Origen: PostgreSQL, Operación: DELETE, DPI: 123
[2024-10-12T01:31:38.982739400] Operación no soportada en este ejemplo: DELETE
[2024-10-12T01:31:38.983744400] Sincronización finalizada.
[2024-10-12T01:37:31.926742] Iniciando sincronización de registros...
[2024-10-12T01:37:31.927739100] Procesando registro...
[2024-10-12T01:37:31.931214300] Base Origen: MySQL, Operación: INSERT, DPI: 123
[2024-10-12T01:37:32.272826100] El empleado con DPI 123 ya existe en PostgreSQL. No se realizó la inserción.
[2024-10-12T01:37:32.273842300] Procesando registro...
[2024-10-12T01:37:32.275843700] Base Origen: PostgreSQL, Operación: INSERT, DPI: 987
[2024-10-12T01:37:32.337649600] El empleado con DPI 987 ya existe en MySQL. No se realizó la inserción.
[2024-10-12T01:37:32.338207700] Procesando registro...
[2024-10-12T01:37:32.340251900] Base Origen: PostgreSQL, Operación: INSERT, DPI: 123
[2024-10-12T01:37:32.411447200] El empleado con DPI 123 no existe en MySQL. Insertando...
[2024-10-12T01:37:32.477704500] Sincronización del DPI 123 completada. Se insertó en MySQL.
[2024-10-12T01:37:32.487266700] Procesando registro...
[2024-10-12T01:37:32.487266700] Base Origen: MySQL, Operación: INSERT, DPI: 987
[2024-10-12T01:37:32.547713400] El empleado con DPI 987 ya existe en PostgreSQL. No se realizó la inserción.
[2024-10-12T01:37:32.547713400] Procesando registro...
[2024-10-12T01:37:32.547713400] Base Origen: MySQL, Operación: INSERT, DPI: 456123
[2024-10-12T01:37:32.707780500] El empleado con DPI 456123 ya existe en PostgreSQL. No se realizó la inserción.
[2024-10-12T01:37:32.717334300] Procesando registro...
[2024-10-12T01:37:32.717334300] Base Origen: PostgreSQL, Operación: INSERT, DPI: 456123
[2024-10-12T01:37:32.772885400] El empleado con DPI 456123 ya existe en MySQL. No se realizó la inserción.
[2024-10-12T01:37:32.774652800] Procesando registro...
[2024-10-12T01:37:32.775685600] Base Origen: PostgreSQL, Operación: DELETE, DPI: 123
[2024-10-12T01:37:32.834720700] Operación no soportada en este ejemplo: DELETE
[2024-10-12T01:37:32.835913300] Procesando registro...
[2024-10-12T01:37:32.835913300] Base Origen: PostgreSQL, Operación: INSERT, DPI: 123
[2024-10-12T01:37:32.890389200] El empleado con DPI 123 ya existe en MySQL. No se realizó la inserción.
[2024-10-12T01:37:32.891469900] Procesando registro...
[2024-10-12T01:37:32.893493500] Base Origen: PostgreSQL, Operación: INSERT, DPI: 987
[2024-10-12T01:37:32.951689100] El empleado con DPI 987 ya existe en MySQL. No se realizó la inserción.
[2024-10-12T01:37:32.952090300] Procesando registro...
[2024-10-12T01:37:32.953095400] Base Origen: PostgreSQL, Operación: INSERT, DPI: 456123
[2024-10-12T01:37:33.006320700] El empleado con DPI 456123 ya existe en MySQL. No se realizó la inserción.
[2024-10-12T01:37:33.007515] Procesando registro...
[2024-10-12T01:37:33.007515] Base Origen: MySQL, Operación: DELETE, DPI: 123
[2024-10-12T01:37:33.064219900] Operación no soportada en este ejemplo: DELETE
[2024-10-12T01:37:33.065385600] Sincronización finalizada.
[2024-10-12T01:38:48.676546900] Iniciando sincronización de registros...
[2024-10-12T01:38:48.681045100] Procesando registro...
[2024-10-12T01:38:48.683055500] Base Origen: MySQL, Operación: INSERT, DPI: 123
[2024-10-12T01:38:49.472419900] El empleado con DPI 123 no existe en PostgreSQL. Insertando...
[2024-10-12T01:39:21.621370600] Iniciando sincronización de registros...
[2024-10-12T01:39:21.622852800] Procesando registro...
[2024-10-12T01:39:21.622852800] Base Origen: MySQL, Operación: INSERT, DPI: 123
[2024-10-12T01:39:22.312275900] El empleado con DPI 123 no existe en PostgreSQL. Insertando...
[2024-10-12T01:44:28.970279400] Iniciando sincronización de registros...
[2024-10-12T01:44:28.972297300] Procesando registro...
[2024-10-12T01:44:28.973295300] Base Origen: MySQL, Operación: INSERT, DPI: 123
[2024-10-12T01:44:29.369252500] El empleado con DPI 123 no existe en PostgreSQL. Insertando...
[2024-10-12T01:44:29.445836600] Sincronización del DPI 123 completada. Se insertó en PostgreSQL.
[2024-10-12T01:44:29.447334900] Procesando registro...
[2024-10-12T01:44:29.448347400] Base Origen: PostgreSQL, Operación: INSERT, DPI: 987
[2024-10-12T01:44:29.522345500] El empleado con DPI 987 ya existe en MySQL. No se realizó la inserción.
[2024-10-12T01:44:29.524437] Procesando registro...
[2024-10-12T01:44:29.525400500] Base Origen: PostgreSQL, Operación: INSERT, DPI: 123
[2024-10-12T01:44:29.603609300] El empleado con DPI 123 ya existe en MySQL. No se realizó la inserción.
[2024-10-12T01:44:29.608217800] Procesando registro...
[2024-10-12T01:44:29.611522800] Base Origen: MySQL, Operación: INSERT, DPI: 987
[2024-10-12T01:44:29.695129] El empleado con DPI 987 ya existe en PostgreSQL. No se realizó la inserción.
[2024-10-12T01:44:29.698130500] Procesando registro...
[2024-10-12T01:44:29.700254500] Base Origen: MySQL, Operación: INSERT, DPI: 456123
[2024-10-12T01:44:29.779732500] El empleado con DPI 456123 ya existe en PostgreSQL. No se realizó la inserción.
[2024-10-12T01:44:29.780737300] Procesando registro...
[2024-10-12T01:44:29.782739900] Base Origen: PostgreSQL, Operación: INSERT, DPI: 456123
[2024-10-12T01:44:29.853350900] El empleado con DPI 456123 ya existe en MySQL. No se realizó la inserción.
[2024-10-12T01:44:29.854271800] Procesando registro...
[2024-10-12T01:44:29.859021200] Base Origen: PostgreSQL, Operación: DELETE, DPI: 123
[2024-10-12T01:44:29.914047400] Operación no soportada en este ejemplo: DELETE
[2024-10-12T01:44:29.914110500] Procesando registro...
[2024-10-12T01:44:29.915160800] Base Origen: PostgreSQL, Operación: INSERT, DPI: 123
[2024-10-12T01:44:29.977406] El empleado con DPI 123 ya existe en MySQL. No se realizó la inserción.
[2024-10-12T01:44:29.979544200] Procesando registro...
[2024-10-12T01:44:29.982175600] Base Origen: PostgreSQL, Operación: INSERT, DPI: 987
[2024-10-12T01:44:30.047389800] El empleado con DPI 987 ya existe en MySQL. No se realizó la inserción.
[2024-10-12T01:44:30.055385100] Procesando registro...
[2024-10-12T01:44:30.058922600] Base Origen: PostgreSQL, Operación: INSERT, DPI: 456123
[2024-10-12T01:44:30.119686100] El empleado con DPI 456123 ya existe en MySQL. No se realizó la inserción.
[2024-10-12T01:44:30.120943200] Procesando registro...
[2024-10-12T01:44:30.121982900] Base Origen: MySQL, Operación: DELETE, DPI: 123
[2024-10-12T01:44:30.199720900] Operación no soportada en este ejemplo: DELETE
[2024-10-12T01:44:30.201151100] Procesando registro...
[2024-10-12T01:44:30.201151100] Base Origen: MySQL, Operación: INSERT, DPI: 123
[2024-10-12T01:44:30.260257400] El empleado con DPI 123 ya existe en PostgreSQL. No se realizó la inserción.
[2024-10-12T01:44:30.260309800] Procesando registro...
[2024-10-12T01:44:30.261345400] Base Origen: PostgreSQL, Operación: DELETE, DPI: 123
[2024-10-12T01:44:30.423102100] Operación no soportada en este ejemplo: DELETE
[2024-10-12T01:44:30.424722300] Procesando registro...
[2024-10-12T01:44:30.425469700] Base Origen: MySQL, Operación: DELETE, DPI: 123
[2024-10-12T01:44:30.492972100] Operación no soportada en este ejemplo: DELETE
[2024-10-12T01:44:30.494344900] Procesando registro...
[2024-10-12T01:44:30.495312500] Base Origen: MySQL, Operación: INSERT, DPI: 123
[2024-10-12T01:44:30.549396200] El empleado con DPI 123 ya existe en PostgreSQL. No se realizó la inserción.
[2024-10-12T01:44:30.551284] Sincronización finalizada.
[2024-10-12T01:45:35.477644600] Iniciando sincronización de registros...
[2024-10-12T01:45:35.485898100] Procesando registro...
[2024-10-12T01:45:35.485898100] Base Origen: MySQL, Operación: INSERT, DPI: 123
[2024-10-12T01:45:35.556349700] El empleado con DPI 123 ya existe en PostgreSQL. No se realizó la inserción.
[2024-10-12T01:45:35.557619500] Procesando registro...
[2024-10-12T01:45:35.558530200] Base Origen: PostgreSQL, Operación: INSERT, DPI: 987
[2024-10-12T01:45:35.612647200] El empleado con DPI 987 ya existe en MySQL. No se realizó la inserción.
[2024-10-12T01:45:35.614023] Procesando registro...
[2024-10-12T01:45:35.614604600] Base Origen: PostgreSQL, Operación: INSERT, DPI: 123
[2024-10-12T01:45:35.667265200] El empleado con DPI 123 ya existe en MySQL. No se realizó la inserción.
[2024-10-12T01:45:35.667912500] Procesando registro...
[2024-10-12T01:45:35.669935900] Base Origen: MySQL, Operación: INSERT, DPI: 987
[2024-10-12T01:45:35.844544400] El empleado con DPI 987 ya existe en PostgreSQL. No se realizó la inserción.
[2024-10-12T01:45:35.845787100] Procesando registro...
[2024-10-12T01:45:35.847294100] Base Origen: MySQL, Operación: INSERT, DPI: 456123
[2024-10-12T01:45:35.899005] El empleado con DPI 456123 ya existe en PostgreSQL. No se realizó la inserción.
[2024-10-12T01:45:35.900617800] Procesando registro...
[2024-10-12T01:45:35.901598] Base Origen: PostgreSQL, Operación: INSERT, DPI: 456123
[2024-10-12T01:45:35.954243200] El empleado con DPI 456123 ya existe en MySQL. No se realizó la inserción.
[2024-10-12T01:45:35.955330100] Procesando registro...
[2024-10-12T01:45:35.956398400] Base Origen: PostgreSQL, Operación: DELETE, DPI: 123
[2024-10-12T01:45:36.010805200] Operación no soportada en este ejemplo: DELETE
[2024-10-12T01:45:36.013025600] Procesando registro...
[2024-10-12T01:45:36.014489100] Base Origen: PostgreSQL, Operación: INSERT, DPI: 123
[2024-10-12T01:45:36.073245800] El empleado con DPI 123 ya existe en MySQL. No se realizó la inserción.
[2024-10-12T01:45:36.074955700] Procesando registro...
[2024-10-12T01:45:36.074955700] Base Origen: PostgreSQL, Operación: INSERT, DPI: 987
[2024-10-12T01:45:36.142671800] El empleado con DPI 987 ya existe en MySQL. No se realizó la inserción.
[2024-10-12T01:45:36.144692600] Procesando registro...
[2024-10-12T01:45:36.146548300] Base Origen: PostgreSQL, Operación: INSERT, DPI: 456123
[2024-10-12T01:45:36.196646400] El empleado con DPI 456123 ya existe en MySQL. No se realizó la inserción.
[2024-10-12T01:45:36.197802] Procesando registro...
[2024-10-12T01:45:36.198839900] Base Origen: MySQL, Operación: DELETE, DPI: 123
[2024-10-12T01:45:36.251592] Operación no soportada en este ejemplo: DELETE
[2024-10-12T01:45:36.252587500] Procesando registro...
[2024-10-12T01:45:36.253614600] Base Origen: MySQL, Operación: INSERT, DPI: 123
[2024-10-12T01:45:36.310313400] El empleado con DPI 123 ya existe en PostgreSQL. No se realizó la inserción.
[2024-10-12T01:45:36.311878900] Procesando registro...
[2024-10-12T01:45:36.312878400] Base Origen: PostgreSQL, Operación: DELETE, DPI: 123
[2024-10-12T01:45:36.367807] Operación no soportada en este ejemplo: DELETE
[2024-10-12T01:45:36.368523700] Procesando registro...
[2024-10-12T01:45:36.370554700] Base Origen: MySQL, Operación: DELETE, DPI: 123
[2024-10-12T01:45:36.424263100] Operación no soportada en este ejemplo: DELETE
[2024-10-12T01:45:36.424997100] Procesando registro...
[2024-10-12T01:45:36.424997100] Base Origen: MySQL, Operación: INSERT, DPI: 123
[2024-10-12T01:45:36.477692300] El empleado con DPI 123 ya existe en PostgreSQL. No se realizó la inserción.
[2024-10-12T01:45:36.480766500] Procesando registro...
[2024-10-12T01:45:36.481656100] Base Origen: PostgreSQL, Operación: INSERT, DPI: 123
[2024-10-12T01:45:36.545839800] El empleado con DPI 123 ya existe en MySQL. No se realizó la inserción.
[2024-10-12T01:45:36.548363800] Procesando registro...
[2024-10-12T01:45:36.550364500] Base Origen: MySQL, Operación: UPDATE, DPI: 123
[2024-10-12T01:45:36.604963200] Operación no soportada en este ejemplo: UPDATE
[2024-10-12T01:45:36.606209100] Sincronización finalizada.
[2024-10-12T01:52:14.658517500] Iniciando sincronización de registros...
[2024-10-12T01:52:14.661521300] Procesando registro...
[2024-10-12T01:52:14.663742700] Base Origen: MySQL, Operación: INSERT, DPI: 123
[2024-10-12T01:52:15.744307] Procesando registro...
[2024-10-12T01:52:15.744982400] Base Origen: PostgreSQL, Operación: INSERT, DPI: 987
[2024-10-12T01:52:15.847470600] Procesando registro...
[2024-10-12T01:52:15.855267700] Base Origen: PostgreSQL, Operación: INSERT, DPI: 123
[2024-10-12T01:52:16.075965600] Procesando registro...
[2024-10-12T01:52:16.077782100] Base Origen: MySQL, Operación: INSERT, DPI: 987
[2024-10-12T01:52:16.281711800] Procesando registro...
[2024-10-12T01:52:16.283110900] Base Origen: MySQL, Operación: INSERT, DPI: 456123
[2024-10-12T01:52:16.376216100] Procesando registro...
[2024-10-12T01:52:16.378265500] Base Origen: PostgreSQL, Operación: INSERT, DPI: 456123
[2024-10-12T01:52:16.467351200] Procesando registro...
[2024-10-12T01:52:16.468757300] Base Origen: PostgreSQL, Operación: DELETE, DPI: 123
[2024-10-12T01:52:16.597354300] El empleado con DPI 123 fue eliminado de MySQL.
[2024-10-12T01:52:16.662128700] El empleado con DPI 123 fue eliminado de PostgreSQL.
[2024-10-12T01:52:16.663190900] Procesando registro...
[2024-10-12T01:52:16.665555200] Base Origen: PostgreSQL, Operación: INSERT, DPI: 123
[2024-10-12T01:53:08.565906800] Iniciando sincronización de registros...
[2024-10-12T01:53:08.567421100] Procesando registro...
[2024-10-12T01:53:08.571483600] Base Origen: MySQL, Operación: INSERT, DPI: 123
[2024-10-12T01:53:08.805032700] El empleado con DPI 123 no existía en PostgreSQL. Se insertó correctamente.
[2024-10-12T01:53:08.806084600] Procesando registro...
[2024-10-12T01:53:08.807676700] Base Origen: PostgreSQL, Operación: INSERT, DPI: 987
[2024-10-12T01:53:08.972333500] Procesando registro...
[2024-10-12T01:53:08.974565100] Base Origen: PostgreSQL, Operación: INSERT, DPI: 123
[2024-10-12T01:53:09.148377900] Procesando registro...
[2024-10-12T01:53:09.150779300] Base Origen: MySQL, Operación: INSERT, DPI: 987
[2024-10-12T01:53:09.232108100] Procesando registro...
[2024-10-12T01:53:09.235462800] Base Origen: MySQL, Operación: INSERT, DPI: 456123
[2024-10-12T01:53:09.313940300] Procesando registro...
[2024-10-12T01:53:09.315996800] Base Origen: PostgreSQL, Operación: INSERT, DPI: 456123
[2024-10-12T01:53:09.383435] Procesando registro...
[2024-10-12T01:53:09.383779700] Base Origen: PostgreSQL, Operación: DELETE, DPI: 123
[2024-10-12T01:53:09.468083700] El empleado con DPI 123 fue eliminado de MySQL.
[2024-10-12T01:53:09.523572200] El empleado con DPI 123 fue eliminado de PostgreSQL.
[2024-10-12T01:53:09.525502600] Procesando registro...
[2024-10-12T01:53:09.526715600] Base Origen: PostgreSQL, Operación: INSERT, DPI: 123
[2024-10-12T01:54:40.516301300] Iniciando sincronización de registros...
[2024-10-12T01:54:40.517918] Procesando registro...
[2024-10-12T01:54:40.519936100] Base Origen: MySQL, Operación: INSERT, DPI: 123
[2024-10-12T01:54:40.644520500] El empleado con DPI 123 no existía en PostgreSQL. Se insertó correctamente.
[2024-10-12T01:54:40.645509900] Procesando registro...
[2024-10-12T01:54:40.647527400] Base Origen: PostgreSQL, Operación: INSERT, DPI: 987
[2024-10-12T01:54:40.695942] Procesando registro...
[2024-10-12T01:54:40.697455800] Base Origen: PostgreSQL, Operación: INSERT, DPI: 123
[2024-10-12T01:54:40.747960800] Procesando registro...
[2024-10-12T01:54:40.753461900] Base Origen: MySQL, Operación: INSERT, DPI: 987
[2024-10-12T01:54:40.811036200] Procesando registro...
[2024-10-12T01:54:40.812124500] Base Origen: MySQL, Operación: INSERT, DPI: 456123
[2024-10-12T01:54:40.861590600] Procesando registro...
[2024-10-12T01:54:40.862123] Base Origen: PostgreSQL, Operación: INSERT, DPI: 456123
[2024-10-12T01:54:40.907240700] Procesando registro...
[2024-10-12T01:54:40.907240700] Base Origen: PostgreSQL, Operación: DELETE, DPI: 123
[2024-10-12T01:54:41.094416] El empleado con DPI 123 fue eliminado de MySQL.
[2024-10-12T01:54:41.138222300] El empleado con DPI 123 fue eliminado de PostgreSQL.
[2024-10-12T01:54:41.139223] Procesando registro...
[2024-10-12T01:54:41.140644] Base Origen: PostgreSQL, Operación: INSERT, DPI: 123
[2024-10-12T01:57:09.665505700] Iniciando sincronización de registros...
[2024-10-12T01:57:09.666501200] Procesando registro...
[2024-10-12T01:57:09.668681900] Base Origen: MySQL, Operación: INSERT, DPI: 123
[2024-10-12T01:57:09.978266900] El empleado con DPI 123 no existía en PostgreSQL. Se insertó correctamente.
[2024-10-12T01:57:09.981531200] Procesando registro...
[2024-10-12T01:57:09.983541600] Base Origen: PostgreSQL, Operación: INSERT, DPI: 987
[2024-10-12T01:57:10.053013100] Procesando registro...
[2024-10-12T01:57:10.055067200] Base Origen: PostgreSQL, Operación: INSERT, DPI: 123
[2024-10-12T01:57:10.130225800] Procesando registro...
[2024-10-12T01:57:10.130225800] Base Origen: MySQL, Operación: INSERT, DPI: 987
[2024-10-12T01:57:10.214884500] Procesando registro...
[2024-10-12T01:57:10.216482] Base Origen: MySQL, Operación: INSERT, DPI: 456123
[2024-10-12T01:57:10.281931100] Procesando registro...
[2024-10-12T01:57:10.283968600] Base Origen: PostgreSQL, Operación: INSERT, DPI: 456123
[2024-10-12T01:57:10.339820100] Procesando registro...
[2024-10-12T01:57:10.343234300] Base Origen: PostgreSQL, Operación: DELETE, DPI: 123
[2024-10-12T01:57:10.426874] El empleado con DPI 123 fue eliminado de MySQL.
[2024-10-12T01:57:10.476723500] El empleado con DPI 123 fue eliminado de PostgreSQL.
[2024-10-12T01:57:10.477272700] Procesando registro...
[2024-10-12T01:57:10.478282900] Base Origen: PostgreSQL, Operación: INSERT, DPI: 123
[2024-10-12T01:57:10.544019600] Procesando registro...
[2024-10-12T01:57:10.545050800] Base Origen: PostgreSQL, Operación: INSERT, DPI: 987
[2024-10-12T01:57:10.602173400] Procesando registro...
[2024-10-12T01:57:10.602638800] Base Origen: PostgreSQL, Operación: INSERT, DPI: 456123
[2024-10-12T01:57:10.650920100] Procesando registro...
[2024-10-12T01:57:10.650920100] Base Origen: MySQL, Operación: DELETE, DPI: 123
[2024-10-12T01:57:10.708544400] Procesando registro...
[2024-10-12T01:57:10.712140900] Base Origen: MySQL, Operación: INSERT, DPI: 123
[2024-10-12T01:57:10.770343500] Procesando registro...
[2024-10-12T01:57:10.770343500] Base Origen: PostgreSQL, Operación: DELETE, DPI: 123
[2024-10-12T01:57:10.838235800] Procesando registro...
[2024-10-12T01:57:10.840929300] Base Origen: MySQL, Operación: DELETE, DPI: 123
[2024-10-12T01:57:10.915583300] Procesando registro...
[2024-10-12T01:57:10.917131500] Base Origen: MySQL, Operación: INSERT, DPI: 123
[2024-10-12T01:57:10.997624300] Procesando registro...
[2024-10-12T01:57:10.998820300] Base Origen: PostgreSQL, Operación: INSERT, DPI: 123
[2024-10-12T01:57:11.184112500] Procesando registro...
[2024-10-12T01:57:11.185115300] Base Origen: MySQL, Operación: UPDATE, DPI: 123
[2024-10-12T01:57:11.261475800] Procesando registro...
[2024-10-12T01:57:11.261765900] Base Origen: MySQL, Operación: DELETE, DPI: 123
[2024-10-12T01:57:11.329103] Procesando registro...
[2024-10-12T01:57:11.330652700] Base Origen: PostgreSQL, Operación: DELETE, DPI: 123
[2024-10-12T01:57:11.389032800] Procesando registro...
[2024-10-12T01:57:11.389032800] Base Origen: MySQL, Operación: INSERT, DPI: 123
[2024-10-12T01:57:11.454320600] Procesando registro...
[2024-10-12T01:57:11.454320600] Base Origen: PostgreSQL, Operación: INSERT, DPI: 123
[2024-10-12T01:57:11.631680400] Procesando registro...
[2024-10-12T01:57:11.631983600] Base Origen: MySQL, Operación: DELETE, DPI: 123
[2024-10-12T01:57:11.703082900] Procesando registro...
[2024-10-12T01:57:11.703449600] Base Origen: PostgreSQL, Operación: DELETE, DPI: 123
[2024-10-12T01:57:11.768078200] Procesando registro...
[2024-10-12T01:57:11.768706700] Base Origen: MySQL, Operación: INSERT, DPI: 123
[2024-10-12T01:57:11.827732200] Procesando registro...
[2024-10-12T01:57:11.827969700] Base Origen: PostgreSQL, Operación: INSERT, DPI: 123
[2024-10-12T01:57:11.889468800] Procesando registro...
[2024-10-12T01:57:11.891818200] Base Origen: MySQL, Operación: DELETE, DPI: 123
[2024-10-12T01:57:11.961256100] Procesando registro...
[2024-10-12T01:57:11.961901] Base Origen: PostgreSQL, Operación: DELETE, DPI: 123
[2024-10-12T01:57:12.128817300] Procesando registro...
[2024-10-12T01:57:12.129418400] Base Origen: MySQL, Operación: INSERT, DPI: 123
[2024-10-12T01:57:12.192589900] Sincronización finalizada.
[2024-10-12T02:00:55.980308500] Iniciando sincronización de registros...
[2024-10-12T02:00:55.982310800] Procesando registro más reciente...
[2024-10-12T02:00:55.984846100] Base Origen: MySQL, Operación: INSERT, DPI: 123
[2024-10-12T02:00:56.273468100] El empleado con DPI 123 fue insertado en PostgreSQL.
[2024-10-12T02:00:56.275508400] Procesando registro más reciente...
[2024-10-12T02:00:56.276505500] Base Origen: PostgreSQL, Operación: INSERT, DPI: 987
[2024-10-12T02:00:56.371558100] El empleado con DPI 987 fue actualizado en MySQL.
[2024-10-12T02:00:56.371558100] Procesando registro más reciente...
[2024-10-12T02:00:56.371558100] Base Origen: PostgreSQL, Operación: INSERT, DPI: 456123
[2024-10-12T02:00:56.461122700] El empleado con DPI 456123 fue actualizado en MySQL.
[2024-10-12T02:00:56.461122700] Sincronización finalizada.
[2024-10-12T02:01:59.922097] Iniciando sincronización de registros...
[2024-10-12T02:01:59.923099700] Procesando registro más reciente...
[2024-10-12T02:01:59.924095] Base Origen: PostgreSQL, Operación: UPDATE, DPI: 123
[2024-10-12T02:02:00.003960200] El empleado con DPI 123 fue actualizado en MySQL.
[2024-10-12T02:02:00.004961400] Procesando registro más reciente...
[2024-10-12T02:02:00.005964800] Base Origen: MySQL, Operación: UPDATE, DPI: 987
[2024-10-12T02:02:00.102366700] El empleado con DPI 987 fue actualizado en PostgreSQL.
[2024-10-12T02:02:00.103381200] Procesando registro más reciente...
[2024-10-12T02:02:00.104364900] Base Origen: MySQL, Operación: UPDATE, DPI: 456123
[2024-10-12T02:02:00.191849800] El empleado con DPI 456123 fue actualizado en PostgreSQL.
[2024-10-12T02:02:00.192849300] Sincronización finalizada.
[2024-10-12T02:02:51.067163500] Iniciando sincronización de registros...
[2024-10-12T02:02:51.069516] Procesando registro más reciente...
[2024-10-12T02:02:51.071538500] Base Origen: MySQL, Operación: DELETE, DPI: 123
[2024-10-12T02:02:51.297525700] El empleado con DPI 123 fue eliminado de PostgreSQL.
[2024-10-12T02:02:51.300600800] Procesando registro más reciente...
[2024-10-12T02:02:51.304621200] Base Origen: PostgreSQL, Operación: UPDATE, DPI: 987
[2024-10-12T02:02:51.498636200] El empleado con DPI 987 fue actualizado en MySQL.
[2024-10-12T02:02:51.499655500] Procesando registro más reciente...
[2024-10-12T02:02:51.500679500] Base Origen: PostgreSQL, Operación: UPDATE, DPI: 456123
[2024-10-12T02:02:51.589460300] El empleado con DPI 456123 fue actualizado en MySQL.
[2024-10-12T02:02:51.593234600] Sincronización finalizada.
[2024-10-12T02:03:06.253934400] Iniciando sincronización de registros...
[2024-10-12T02:03:06.254949100] Procesando registro más reciente...
[2024-10-12T02:03:06.255949] Base Origen: PostgreSQL, Operación: DELETE, DPI: 123
[2024-10-12T02:03:06.314496700] Procesando registro más reciente...
[2024-10-12T02:03:06.315499500] Base Origen: MySQL, Operación: UPDATE, DPI: 987
[2024-10-12T02:03:06.402504200] El empleado con DPI 987 fue actualizado en PostgreSQL.
[2024-10-12T02:03:06.403543800] Procesando registro más reciente...
[2024-10-12T02:03:06.403543800] Base Origen: MySQL, Operación: UPDATE, DPI: 456123
[2024-10-12T02:03:06.608074] El empleado con DPI 456123 fue actualizado en PostgreSQL.
[2024-10-12T02:03:06.611084500] Sincronización finalizada.
[2024-10-12T02:05:23.784838900] Iniciando sincronización de registros...
[2024-10-12T02:05:23.785840200] Procesando registro más reciente...
[2024-10-12T02:05:23.787501900] Base Origen: PostgreSQL, Operación: DELETE, DPI: 123
[2024-10-12T02:05:23.844001900] Procesando registro más reciente...
[2024-10-12T02:05:23.845040900] Base Origen: MySQL, Operación: UPDATE, DPI: 987
[2024-10-12T02:05:23.935737400] El empleado con DPI 987 fue insertado en PostgreSQL.
[2024-10-12T02:05:23.936134200] Procesando registro más reciente...
[2024-10-12T02:05:23.938167100] Base Origen: PostgreSQL, Operación: UPDATE, DPI: 456123
[2024-10-12T02:05:24.001487] El empleado con DPI 456123 fue actualizado en MySQL.
[2024-10-12T02:05:24.002632300] Sincronización finalizada.
[2024-10-12T07:25:27.689484] Iniciando sincronización de registros...
[2024-10-12T07:25:27.693666300] Procesando registro más reciente...
[2024-10-12T07:25:27.694666800] Base Origen: PostgreSQL, Operación: DELETE, DPI: 123
[2024-10-12T07:25:28.699418300] Procesando registro más reciente...
[2024-10-12T07:25:28.699951] Base Origen: PostgreSQL, Operación: INSERT, DPI: 987
[2024-10-12T07:25:28.805202300] El empleado con DPI 987 fue actualizado en MySQL.
[2024-10-12T07:25:28.806240900] Procesando registro más reciente...
[2024-10-12T07:25:28.807238] Base Origen: MySQL, Operación: UPDATE, DPI: 456123
[2024-10-12T07:25:28.943675500] El empleado con DPI 456123 fue actualizado en PostgreSQL.
[2024-10-12T07:25:28.943675500] Sincronización finalizada.
[2024-10-12T07:37:35.457768600] Iniciando sincronización de registros...
[2024-10-12T07:37:35.462323800] Procesando registro más reciente...
[2024-10-12T07:37:35.462323800] Base Origen: PostgreSQL, Operación: DELETE, DPI: 123
[2024-10-12T07:37:35.733108100] Procesando registro más reciente...
[2024-10-12T07:37:35.733108100] Base Origen: MySQL, Operación: UPDATE, DPI: 987
[2024-10-12T07:37:35.875273800] El empleado con DPI 987 fue actualizado en PostgreSQL.
[2024-10-12T07:37:35.875273800] Procesando registro más reciente...
[2024-10-12T07:37:35.875273800] Base Origen: PostgreSQL, Operación: UPDATE, DPI: 456123
[2024-10-12T07:37:35.970409700] El empleado con DPI 456123 fue actualizado en MySQL.
[2024-10-12T07:37:35.970409700] Procesando registro más reciente...
[2024-10-12T07:37:35.970409700] Base Origen: MySQL, Operación: UPDATE, DPI: 3004210280101
[2024-10-12T07:37:36.075229800] El empleado con DPI 3004210280101 fue insertado en PostgreSQL.
[2024-10-12T07:37:36.075229800] Sincronización finalizada.
[2024-10-12T08:29:09.006434900] Iniciando sincronización de registros...
[2024-10-12T08:29:09.007707600] Procesando registro más reciente...
[2024-10-12T08:29:09.007707600] Base Origen: PostgreSQL, Operación: DELETE, DPI: 123
[2024-10-12T08:29:09.298785900] Procesando registro más reciente...
[2024-10-12T08:29:09.298785900] Base Origen: MySQL, Operación: INSERT, DPI: 1234567891501
[2024-10-12T08:29:09.441050800] El empleado con DPI 1234567891501 fue insertado en PostgreSQL.
[2024-10-12T08:29:09.441050800] Procesando registro más reciente...
[2024-10-12T08:29:09.445261500] Base Origen: PostgreSQL, Operación: UPDATE, DPI: 987
[2024-10-12T08:29:09.539528300] El empleado con DPI 987 fue actualizado en MySQL.
[2024-10-12T08:29:09.539528300] Procesando registro más reciente...
[2024-10-12T08:29:09.539528300] Base Origen: MySQL, Operación: DELETE, DPI: 456123
[2024-10-12T08:29:09.661467500] El empleado con DPI 456123 fue eliminado de PostgreSQL.
[2024-10-12T08:29:09.665313100] Procesando registro más reciente...
[2024-10-12T08:29:09.665313100] Base Origen: MySQL, Operación: UPDATE, DPI: 3004210280101
[2024-10-12T08:29:09.772172200] El empleado con DPI 3004210280101 fue actualizado en PostgreSQL.
[2024-10-12T08:29:09.772172200] Sincronización finalizada.
[2024-10-12T08:30:57.535537400] Iniciando sincronización de registros...
[2024-10-12T08:30:57.535537400] Procesando registro más reciente...
[2024-10-12T08:30:57.538983500] Base Origen: PostgreSQL, Operación: DELETE, DPI: 123
[2024-10-12T08:30:57.600771200] Procesando registro más reciente...
[2024-10-12T08:30:57.600771200] Base Origen: PostgreSQL, Operación: DELETE, DPI: 1234567891501
[2024-10-12T08:30:57.689429400] El empleado con DPI 1234567891501 fue eliminado de MySQL.
[2024-10-12T08:30:57.689429400] Procesando registro más reciente...
[2024-10-12T08:30:57.689429400] Base Origen: MySQL, Operación: UPDATE, DPI: 987
[2024-10-12T08:30:57.796628500] El empleado con DPI 987 fue actualizado en PostgreSQL.
[2024-10-12T08:30:57.799555200] Procesando registro más reciente...
[2024-10-12T08:30:57.799929400] Base Origen: PostgreSQL, Operación: DELETE, DPI: 456123
[2024-10-12T08:30:57.860592600] Procesando registro más reciente...
[2024-10-12T08:30:57.860592600] Base Origen: PostgreSQL, Operación: UPDATE, DPI: 3004210280101
[2024-10-12T08:30:57.934604400] El empleado con DPI 3004210280101 fue actualizado en MySQL.
[2024-10-12T08:30:57.934604400] Sincronización finalizada.
[2024-10-12T18:55:46.002001300] Iniciando sincronización de registros...
[2024-10-12T18:55:46.008422400] Procesando registro más reciente...
[2024-10-12T18:55:46.011443100] Base Origen: PostgreSQL, Operación: DELETE, DPI: 123
[2024-10-12T18:55:46.088828900] Procesando registro más reciente...
[2024-10-12T18:55:46.089414500] Base Origen: MySQL, Operación: DELETE, DPI: 1234567891501
[2024-10-12T18:55:46.164640500] Procesando registro más reciente...
[2024-10-12T18:55:46.165937100] Base Origen: PostgreSQL, Operación: UPDATE, DPI: 987
[2024-10-12T18:55:46.258112] El empleado con DPI 987 fue actualizado en MySQL.
[2024-10-12T18:55:46.258621500] Procesando registro más reciente...
[2024-10-12T18:55:46.260034800] Base Origen: PostgreSQL, Operación: DELETE, DPI: 456123
[2024-10-12T18:55:46.334612900] Procesando registro más reciente...
[2024-10-12T18:55:46.335147900] Base Origen: MySQL, Operación: UPDATE, DPI: 3004210280101
[2024-10-12T18:55:46.460636600] El empleado con DPI 3004210280101 fue actualizado en PostgreSQL.
[2024-10-12T18:55:46.461188500] Sincronización finalizada.
